#
# There is insufficient memory for the Java Runtime Environment to continue.
# Native memory allocation (mmap) failed to map 130023424 bytes for G1 virtual space
# Possible reasons:
#   The system is out of physical RAM or swap space
#   The process is running with CompressedOops enabled, and the Java Heap may be blocking the growth of the native heap
# Possible solutions:
#   Reduce memory load on the system
#   Increase physical memory or swap space
#   Check if swap backing store is full
#   Decrease Java heap size (-Xmx/-Xms)
#   Decrease number of Java threads
#   Decrease Java thread stack sizes (-Xss)
#   Set larger code cache with -XX:ReservedCodeCacheSize=
#   JVM is running with Unscaled Compressed Oops mode in which the Java heap is
#     placed in the first 4GB address space. The Java Heap base address is the
#     maximum limit for the native heap growth. Please use -XX:HeapBaseMinAddress
#     to set the Java Heap base and to place the Java Heap above 4GB virtual address.
# This output file may be truncated or incomplete.
#
#  Out of Memory Error (os_windows.cpp:3550), pid=14880, tid=6988
#
# JRE version:  (17.0.8+9) (build )
# Java VM: Java HotSpot(TM) 64-Bit Server VM (17.0.8+9-LTS-211, mixed mode, sharing, tiered, compressed oops, compressed class ptrs, g1 gc, windows-amd64)
# No core dump will be written. Minidumps are not enabled by default on client versions of Windows
#

---------------  S U M M A R Y ------------

Command Line: -Dcom.sun.management.jmxremote -Dcom.sun.management.jmxremote.port=52071 -Dcom.sun.management.jmxremote.authenticate=false -Dcom.sun.management.jmxremote.ssl=false -Dspring.jmx.enabled=true -Djava.rmi.server.hostname=localhost -Dspring.application.admin.enabled=true -Dspring.boot.project.name=api_cadastro_produtos -XX:+ShowCodeDetailsInExceptionMessages br.com.andregattermeyer.api_cadastro_produtos.ApiCadastroProdutosApplication

Host: 11th Gen Intel(R) Core(TM) i3-1115G4 @ 3.00GHz, 4 cores, 7G,  Windows 11 , 64 bit Build 22621 (10.0.22621.2841)
Time: Sun Dec 31 10:15:41 2023 Hora oficial do Brasil elapsed time: 0.195918 seconds (0d 0h 0m 0s)

---------------  T H R E A D  ---------------

Current thread (0x0000021abf48fb80):  JavaThread "Unknown thread" [_thread_in_vm, id=6988, stack(0x00000095eff00000,0x00000095f0000000)]

Stack: [0x00000095eff00000,0x00000095f0000000]
Native frames: (J=compiled Java code, j=interpreted, Vv=VM code, C=native code)
V  [jvm.dll+0x677d0a]
V  [jvm.dll+0x7d8c54]
V  [jvm.dll+0x7da3fe]
V  [jvm.dll+0x7daa63]
V  [jvm.dll+0x245c5f]
V  [jvm.dll+0x674bb9]
V  [jvm.dll+0x6694f2]
V  [jvm.dll+0x3031d6]
V  [jvm.dll+0x30a756]
V  [jvm.dll+0x359f9e]
V  [jvm.dll+0x35a1cf]
V  [jvm.dll+0x2da3e8]
V  [jvm.dll+0x2db354]
V  [jvm.dll+0x7aa711]
V  [jvm.dll+0x367b51]
V  [jvm.dll+0x789979]
V  [jvm.dll+0x3eb05f]
V  [jvm.dll+0x3ecae1]
C  [jli.dll+0x5297]
C  [ucrtbase.dll+0x29363]
C  [KERNEL32.DLL+0x1257d]
C  [ntdll.dll+0x5aa58]


---------------  P R O C E S S  ---------------

Threads class SMR info:
_java_thread_list=0x00007ff8d16359d8, length=0, elements={
}

Java Threads: ( => current thread )

Other Threads:
  0x0000021abf4f1c80 GCTaskThread "GC Thread#0" [stack: 0x00000095f0100000,0x00000095f0200000] [id=12680]
  0x0000021abf502340 ConcurrentGCThread "G1 Main Marker" [stack: 0x00000095f0200000,0x00000095f0300000] [id=8892]
  0x0000021abf502d50 ConcurrentGCThread "G1 Conc#0" [stack: 0x00000095f0300000,0x00000095f0400000] [id=6668]

[error occurred during error reporting (printing all threads), id 0xc0000005, EXCEPTION_ACCESS_VIOLATION (0xc0000005) at pc=0x00007ff8d0e6b047]

VM state: not at safepoint (not fully initialized)

VM Mutex/Monitor currently owned by a thread:  ([mutex/lock_event])
[0x0000021abf48bad0] Heap_lock - owner thread: 0x0000021abf48fb80

Heap address: 0x0000000084400000, size: 1980 MB, Compressed Oops mode: 32-bit

CDS archive(s) mapped at: [0x0000000000000000-0x0000000000000000-0x0000000000000000), size 0, SharedBaseAddress: 0x0000000800000000, ArchiveRelocationMode: 1.
Narrow klass base: 0x0000000000000000, Narrow klass shift: 0, Narrow klass range: 0x0

GC Precious Log:
<Empty>

Heap:
 garbage-first heap   total 0K, used 0K [0x0000000084400000, 0x0000000100000000)
  region size 1024K, 0 young (0K), 0 survivors (0K)

[error occurred during error reporting (printing heap information), id 0xc0000005, EXCEPTION_ACCESS_VIOLATION (0xc0000005) at pc=0x00007ff8d1251499]

GC Heap History (0 events):
No events

Deoptimization events (0 events):
No events

Classes unloaded (0 events):
No events

Classes redefined (0 events):
No events

Internal exceptions (0 events):
No events

VM Operations (0 events):
No events

Events (1 events):
Event: 0.009 Loaded shared library C:\Program Files\Java\jdk-17\bin\java.dll


Dynamic libraries:
0x00007ff789400000 - 0x00007ff789410000 	C:\Program Files\Java\jdk-17\bin\java.exe
0x00007ff90b3f0000 - 0x00007ff90b607000 	C:\WINDOWS\SYSTEM32\ntdll.dll
0x00007ff909a60000 - 0x00007ff909b24000 	C:\WINDOWS\System32\KERNEL32.DLL
0x00007ff908910000 - 0x00007ff908cb6000 	C:\WINDOWS\System32\KERNELBASE.dll
0x00007ff908750000 - 0x00007ff908861000 	C:\WINDOWS\System32\ucrtbase.dll
0x00007ff89f5e0000 - 0x00007ff89f5f9000 	C:\Program Files\Java\jdk-17\bin\jli.dll
0x00007ff9091a0000 - 0x00007ff909251000 	C:\WINDOWS\System32\ADVAPI32.dll
0x00007ff90b300000 - 0x00007ff90b3a7000 	C:\WINDOWS\System32\msvcrt.dll
0x00007ff909710000 - 0x00007ff9097b5000 	C:\WINDOWS\System32\sechost.dll
0x00007ff9098c0000 - 0x00007ff9099d7000 	C:\WINDOWS\System32\RPCRT4.dll
0x00007ff90a240000 - 0x00007ff90a3ee000 	C:\WINDOWS\System32\USER32.dll
0x00007ff909100000 - 0x00007ff909126000 	C:\WINDOWS\System32\win32u.dll
0x00007ff909650000 - 0x00007ff909679000 	C:\WINDOWS\System32\GDI32.dll
0x00007ff908cc0000 - 0x00007ff908dd8000 	C:\WINDOWS\System32\gdi32full.dll
0x00007ff908870000 - 0x00007ff90890a000 	C:\WINDOWS\System32\msvcp_win.dll
0x00007ff89bd00000 - 0x00007ff89bd1b000 	C:\Program Files\Java\jdk-17\bin\VCRUNTIME140.dll
0x00007ff8ec840000 - 0x00007ff8ecad3000 	C:\WINDOWS\WinSxS\amd64_microsoft.windows.common-controls_6595b64144ccf1df_6.0.22621.2706_none_270c5aa17388e1a2\COMCTL32.dll
0x00007ff8f7a00000 - 0x00007ff8f7a0a000 	C:\WINDOWS\SYSTEM32\VERSION.dll
0x00007ff90b230000 - 0x00007ff90b261000 	C:\WINDOWS\System32\IMM32.DLL
0x00007ff8a06f0000 - 0x00007ff8a06fc000 	C:\Program Files\Java\jdk-17\bin\vcruntime140_1.dll
0x00007ff8935d0000 - 0x00007ff89365e000 	C:\Program Files\Java\jdk-17\bin\msvcp140.dll
0x00007ff8d0b80000 - 0x00007ff8d175e000 	C:\Program Files\Java\jdk-17\bin\server\jvm.dll
0x00007ff90a220000 - 0x00007ff90a228000 	C:\WINDOWS\System32\PSAPI.DLL
0x00007ff8d38f0000 - 0x00007ff8d38f9000 	C:\WINDOWS\SYSTEM32\WSOCK32.dll
0x00007ff9099e0000 - 0x00007ff909a51000 	C:\WINDOWS\System32\WS2_32.dll
0x00007ff8f7d50000 - 0x00007ff8f7d84000 	C:\WINDOWS\SYSTEM32\WINMM.dll
0x00007ff9077b0000 - 0x00007ff9077c8000 	C:\WINDOWS\SYSTEM32\kernel.appcore.dll
0x00007ff8d07f0000 - 0x00007ff8d07fa000 	C:\Program Files\Java\jdk-17\bin\jimage.dll
0x00007ff906270000 - 0x00007ff9064a3000 	C:\WINDOWS\SYSTEM32\DBGHELP.DLL
0x00007ff9092c0000 - 0x00007ff909649000 	C:\WINDOWS\System32\combase.dll
0x00007ff90a5d0000 - 0x00007ff90a6a7000 	C:\WINDOWS\System32\OLEAUT32.dll
0x00007ff8d7e20000 - 0x00007ff8d7e52000 	C:\WINDOWS\SYSTEM32\dbgcore.DLL
0x00007ff908de0000 - 0x00007ff908e5a000 	C:\WINDOWS\System32\bcryptPrimitives.dll
0x00007ff8d07a0000 - 0x00007ff8d07c5000 	C:\Program Files\Java\jdk-17\bin\java.dll

dbghelp: loaded successfully - version: 4.0.5 - missing functions: none
symbol engine: initialized successfully - sym options: 0x614 - pdb path: .;C:\Program Files\Java\jdk-17\bin;C:\WINDOWS\SYSTEM32;C:\WINDOWS\WinSxS\amd64_microsoft.windows.common-controls_6595b64144ccf1df_6.0.22621.2706_none_270c5aa17388e1a2;C:\Program Files\Java\jdk-17\bin\server

VM Arguments:
jvm_args: -Dcom.sun.management.jmxremote -Dcom.sun.management.jmxremote.port=52071 -Dcom.sun.management.jmxremote.authenticate=false -Dcom.sun.management.jmxremote.ssl=false -Dspring.jmx.enabled=true -Djava.rmi.server.hostname=localhost -Dspring.application.admin.enabled=true -Dspring.boot.project.name=api_cadastro_produtos -XX:+ShowCodeDetailsInExceptionMessages 
java_command: br.com.andregattermeyer.api_cadastro_produtos.ApiCadastroProdutosApplication
java_class_path (initial): C:\APIs\cadastrar produtos\api_cadastro_produtos\target\classes;C:\Users\andre\.m2\repository\org\springframework\boot\spring-boot-starter-data-jpa\3.2.1\spring-boot-starter-data-jpa-3.2.1.jar;C:\Users\andre\.m2\repository\org\springframework\boot\spring-boot-starter-aop\3.2.1\spring-boot-starter-aop-3.2.1.jar;C:\Users\andre\.m2\repository\org\springframework\spring-aop\6.1.2\spring-aop-6.1.2.jar;C:\Users\andre\.m2\repository\org\aspectj\aspectjweaver\1.9.21\aspectjweaver-1.9.21.jar;C:\Users\andre\.m2\repository\org\springframework\boot\spring-boot-starter-jdbc\3.2.1\spring-boot-starter-jdbc-3.2.1.jar;C:\Users\andre\.m2\repository\com\zaxxer\HikariCP\5.0.1\HikariCP-5.0.1.jar;C:\Users\andre\.m2\repository\org\springframework\spring-jdbc\6.1.2\spring-jdbc-6.1.2.jar;C:\Users\andre\.m2\repository\org\hibernate\orm\hibernate-core\6.4.1.Final\hibernate-core-6.4.1.Final.jar;C:\Users\andre\.m2\repository\jakarta\persistence\jakarta.persistence-api\3.1.0\jakarta.persistence-api-3.1.0.jar;C:\Users\andre\.m2\repository\jakarta\transaction\jakarta.transaction-api\2.0.1\jakarta.transaction-api-2.0.1.jar;C:\Users\andre\.m2\repository\org\jboss\logging\jboss-logging\3.5.3.Final\jboss-logging-3.5.3.Final.jar;C:\Users\andre\.m2\repository\org\hibernate\common\hibernate-commons-annotations\6.0.6.Final\hibernate-commons-annotations-6.0.6.Final.jar;C:\Users\andre\.m2\repository\io\smallrye\jandex\3.1.2\jandex-3.1.2.jar;C:\Users\andre\.m2\repository\com\fasterxml\classmate\1.6.0\classmate-1.6.0.jar;C:\Users\andre\.m2\repository\net\bytebuddy\byte-buddy\1.14.10\byte-buddy-1.14.10.jar;C:\Users\andre\.m2\repository\org\glassfish\jaxb\jaxb-runtime\4.0.4\jaxb-runtime-4.0.4.jar;C:\Users\andre\.m2\repository\org\glassfish\jaxb\jaxb-core\4.0.4\jaxb-core-4.0.4.jar;C:\Users\andre\.m2\repository\org\eclipse\angus\angus-activation\2.0.1\angus-activation-2.0.1.jar;C:\Users\andre\.m2\repository\org\glassfish\jaxb\txw2\4.0.4\txw2-4.0.4.jar;C:\Users\andre\.m2\repository\com
Launcher Type: SUN_STANDARD

[Global flags]
     intx CICompilerCount                          = 3                                         {product} {ergonomic}
     uint ConcGCThreads                            = 1                                         {product} {ergonomic}
     uint G1ConcRefinementThreads                  = 4                                         {product} {ergonomic}
   size_t G1HeapRegionSize                         = 1048576                                   {product} {ergonomic}
    uintx GCDrainStackTargetSize                   = 64                                        {product} {ergonomic}
   size_t InitialHeapSize                          = 130023424                                 {product} {ergonomic}
     bool ManagementServer                         = true                                      {product} {command line}
   size_t MarkStackSize                            = 4194304                                   {product} {ergonomic}
   size_t MaxHeapSize                              = 2076180480                                {product} {ergonomic}
   size_t MinHeapDeltaBytes                        = 1048576                                   {product} {ergonomic}
   size_t MinHeapSize                              = 8388608                                   {product} {ergonomic}
    uintx NonNMethodCodeHeapSize                   = 5832780                                {pd product} {ergonomic}
    uintx NonProfiledCodeHeapSize                  = 122912730                              {pd product} {ergonomic}
    uintx ProfiledCodeHeapSize                     = 122912730                              {pd product} {ergonomic}
    uintx ReservedCodeCacheSize                    = 251658240                              {pd product} {ergonomic}
     bool SegmentedCodeCache                       = true                                      {product} {ergonomic}
     bool ShowCodeDetailsInExceptionMessages       = true                                   {manageable} {command line}
   size_t SoftMaxHeapSize                          = 2076180480                             {manageable} {ergonomic}
     bool UseCompressedClassPointers               = true                           {product lp64_product} {ergonomic}
     bool UseCompressedOops                        = true                           {product lp64_product} {ergonomic}
     bool UseG1GC                                  = true                                      {product} {ergonomic}
     bool UseLargePagesIndividualAllocation        = false                                  {pd product} {ergonomic}

Logging:
Log output configuration:
 #0: stdout all=warning uptime,level,tags
 #1: stderr all=off uptime,level,tags

Environment Variables:
JAVA_HOME=C:\Program Files\Java\jdk-17
PATH=C:\Program Files\WindowsApps\Microsoft.PowerShell_7.4.0.0_x64__8wekyb3d8bbwe;C:\Users\andre\AppData\Local\cloud-code\installer\google-cloud-sdk\bin;C:\Program Files\Eclipse Adoptium\jdk-17.0.8.101-hotspot\bin;C:\Program Files\Common Files\Oracle\Java\javapath;C:\WINDOWS\system32;C:\WINDOWS;C:\WINDOWS\System32\Wbem;C:\WINDOWS\System32\WindowsPowerShell\v1.0\;C:\WINDOWS\System32\OpenSSH\;C:\Program Files\Java\jdk-17\bin;C:\Program Files\nodejs\;C:\ProgramData\chocolatey\bin;C:\Program Files\dotnet\;C:\Program Files\Microsoft VS Code\bin;C:\Program Files\Git\cmd;C:\Program Files\Docker\Docker\resources\bin;C:\Windows\System32\Wbem;C:\Users\andre\AppData\Local\Programs\Python\Python312\Scripts\;C:\Users\andre\AppData\Local\Programs\Python\Python312\;C:\Program Files\MySQL\MySQL Shell 8.0\bin\;C:\Users\andre\AppData\Local\Microsoft\WindowsApps;C:\Users\andre\AppData\Roaming\npm;C:\Users\andre\AppData\Local\GitHubDesktop\bin
USERNAME=andre
LANG=pt_BR.UTF-8
OS=Windows_NT
PROCESSOR_IDENTIFIER=Intel64 Family 6 Model 140 Stepping 1, GenuineIntel



---------------  S Y S T E M  ---------------

OS:
 Windows 11 , 64 bit Build 22621 (10.0.22621.2841)
OS uptime: 0 days 0:13 hours
Hyper-V role detected

CPU: total 4 (initial active 4) (2 cores per cpu, 2 threads per core) family 6 model 140 stepping 1 microcode 0x8a, cx8, cmov, fxsr, ht, mmx, 3dnowpref, sse, sse2, sse3, ssse3, sse4.1, sse4.2, popcnt, lzcnt, tsc, tscinvbit, avx, avx2, aes, erms, clmul, bmi1, bmi2, adx, avx512f, avx512dq, avx512cd, avx512bw, avx512vl, sha, fma, vzeroupper, avx512_vpopcntdq, avx512_vpclmulqdq, avx512_vaes, avx512_vnni, clflush, clflushopt, clwb, avx512_vbmi2, avx512_vbmi, hv

Memory: 4k page, system-wide physical 7915M (200M free)
TotalPageFile size 32491M (AvailPageFile size 41M)
current process WorkingSet (physical memory assigned to process): 11M, peak: 11M
current process commit charge ("private bytes"): 52M, peak: 175M

vm_info: Java HotSpot(TM) 64-Bit Server VM (17.0.8+9-LTS-211) for windows-amd64 JRE (17.0.8+9-LTS-211), built on Jun 14 2023 10:34:31 by "mach5one" with MS VC++ 17.1 (VS2022)

END.
