#
# There is insufficient memory for the Java Runtime Environment to continue.
# Native memory allocation (malloc) failed to allocate 2003952 bytes for Chunk::new
# Possible reasons:
#   The system is out of physical RAM or swap space
#   The process is running with CompressedOops enabled, and the Java Heap may be blocking the growth of the native heap
# Possible solutions:
#   Reduce memory load on the system
#   Increase physical memory or swap space
#   Check if swap backing store is full
#   Decrease Java heap size (-Xmx/-Xms)
#   Decrease number of Java threads
#   Decrease Java thread stack sizes (-Xss)
#   Set larger code cache with -XX:ReservedCodeCacheSize=
#   JVM is running with Unscaled Compressed Oops mode in which the Java heap is
#     placed in the first 4GB address space. The Java Heap base address is the
#     maximum limit for the native heap growth. Please use -XX:HeapBaseMinAddress
#     to set the Java Heap base and to place the Java Heap above 4GB virtual address.
# This output file may be truncated or incomplete.
#
#  Out of Memory Error (arena.cpp:189), pid=10612, tid=8612
#
# JRE version: Java(TM) SE Runtime Environment (17.0.8+9) (build 17.0.8+9-LTS-211)
# Java VM: Java HotSpot(TM) 64-Bit Server VM (17.0.8+9-LTS-211, mixed mode, sharing, tiered, compressed oops, compressed class ptrs, g1 gc, windows-amd64)
# No core dump will be written. Minidumps are not enabled by default on client versions of Windows
#

---------------  S U M M A R Y ------------

Command Line: -Dcom.sun.management.jmxremote -Dcom.sun.management.jmxremote.port=52071 -Dcom.sun.management.jmxremote.authenticate=false -Dcom.sun.management.jmxremote.ssl=false -Dspring.jmx.enabled=true -Djava.rmi.server.hostname=localhost -Dspring.application.admin.enabled=true -Dspring.boot.project.name=api_cadastro_produtos -XX:+ShowCodeDetailsInExceptionMessages br.com.andregattermeyer.api_cadastro_produtos.ApiCadastroProdutosApplication

Host: 11th Gen Intel(R) Core(TM) i3-1115G4 @ 3.00GHz, 4 cores, 7G,  Windows 11 , 64 bit Build 22621 (10.0.22621.2841)
Time: Sun Dec 31 10:15:45 2023 Hora oficial do Brasil elapsed time: 7.327785 seconds (0d 0h 0m 7s)

---------------  T H R E A D  ---------------

Current thread (0x000001da9f496160):  JavaThread "C2 CompilerThread0" daemon [_thread_in_native, id=8612, stack(0x000000310c700000,0x000000310c800000)]


Current CompileTask:
C2:   7327 4922   !   4       org.springframework.core.annotation.AnnotationsScanner::processMethodHierarchy (276 bytes)

Stack: [0x000000310c700000,0x000000310c800000]
Native frames: (J=compiled Java code, j=interpreted, Vv=VM code, C=native code)
V  [jvm.dll+0x677d0a]
V  [jvm.dll+0x7d8c54]
V  [jvm.dll+0x7da3fe]
V  [jvm.dll+0x7daa63]
V  [jvm.dll+0x245c5f]
V  [jvm.dll+0xaaa6b]
V  [jvm.dll+0xab00c]
V  [jvm.dll+0x361e8e]
V  [jvm.dll+0x32c551]
V  [jvm.dll+0x32b9ea]
V  [jvm.dll+0x217fff]
V  [jvm.dll+0x217431]
V  [jvm.dll+0x1a3af0]
V  [jvm.dll+0x2270be]
V  [jvm.dll+0x22535b]
V  [jvm.dll+0x78e7bc]
V  [jvm.dll+0x788bba]
V  [jvm.dll+0x676b35]
C  [ucrtbase.dll+0x29363]
C  [KERNEL32.DLL+0x1257d]
C  [ntdll.dll+0x5aa58]


---------------  P R O C E S S  ---------------

Threads class SMR info:
_java_thread_list=0x000001dae55ae550, length=35, elements={
0x000001da9f47e360, 0x000001da9f47ed10, 0x000001da9f490790, 0x000001da9f491140,
0x000001da9f493b00, 0x000001da9f4944b0, 0x000001da9f496160, 0x000001da9f498f30,
0x000001da9f515260, 0x000001da9f6747d0, 0x000001da9f7320a0, 0x000001dae51d51f0,
0x000001dae51c1480, 0x000001dae51bc100, 0x000001dae5bbe550, 0x000001dae5bbb060,
0x000001dae5bbb530, 0x000001dae5bbe080, 0x000001dae5bbcd40, 0x000001dae5bbea20,
0x000001dae5bbba00, 0x000001dae5bbc870, 0x000001dae5bbbed0, 0x000001dae5bbc3a0,
0x000001dae5bbd210, 0x000001dae5bbd6e0, 0x000001da9f767b60, 0x000001da9f76b9f0,
0x000001da9f76d6d0, 0x000001da9f769840, 0x000001da9f76b050, 0x000001da9f76bec0,
0x000001da9f76d200, 0x000001da9f769d10, 0x000001da9f76c390
}

Java Threads: ( => current thread )
  0x000001da9f47e360 JavaThread "Reference Handler" daemon [_thread_blocked, id=8808, stack(0x000000310c100000,0x000000310c200000)]
  0x000001da9f47ed10 JavaThread "Finalizer" daemon [_thread_blocked, id=14576, stack(0x000000310c200000,0x000000310c300000)]
  0x000001da9f490790 JavaThread "Signal Dispatcher" daemon [_thread_blocked, id=656, stack(0x000000310c300000,0x000000310c400000)]
  0x000001da9f491140 JavaThread "Attach Listener" daemon [_thread_blocked, id=2372, stack(0x000000310c400000,0x000000310c500000)]
  0x000001da9f493b00 JavaThread "Service Thread" daemon [_thread_blocked, id=3176, stack(0x000000310c500000,0x000000310c600000)]
  0x000001da9f4944b0 JavaThread "Monitor Deflation Thread" daemon [_thread_blocked, id=9484, stack(0x000000310c600000,0x000000310c700000)]
=>0x000001da9f496160 JavaThread "C2 CompilerThread0" daemon [_thread_in_native, id=8612, stack(0x000000310c700000,0x000000310c800000)]
  0x000001da9f498f30 JavaThread "C1 CompilerThread0" daemon [_thread_blocked, id=2200, stack(0x000000310c800000,0x000000310c900000)]
  0x000001da9f515260 JavaThread "Sweeper thread" daemon [_thread_blocked, id=5588, stack(0x000000310c900000,0x000000310ca00000)]
  0x000001da9f6747d0 JavaThread "Common-Cleaner" daemon [_thread_blocked, id=4236, stack(0x000000310ca00000,0x000000310cb00000)]
  0x000001da9f7320a0 JavaThread "Notification Thread" daemon [_thread_blocked, id=14512, stack(0x000000310cb00000,0x000000310cc00000)]
  0x000001dae51d51f0 JavaThread "RMI TCP Accept-0" daemon [_thread_in_native, id=9164, stack(0x000000310cc00000,0x000000310cd00000)]
  0x000001dae51c1480 JavaThread "RMI TCP Accept-52071" daemon [_thread_in_native, id=3860, stack(0x000000310cd00000,0x000000310ce00000)]
  0x000001dae51bc100 JavaThread "RMI TCP Accept-0" daemon [_thread_in_native, id=7288, stack(0x000000310ce00000,0x000000310cf00000)]
  0x000001dae5bbe550 JavaThread "Catalina-utility-1" [_thread_blocked, id=14960, stack(0x000000310d600000,0x000000310d700000)]
  0x000001dae5bbb060 JavaThread "Catalina-utility-2" [_thread_blocked, id=14632, stack(0x000000310d700000,0x000000310d800000)]
  0x000001dae5bbb530 JavaThread "container-0" [_thread_blocked, id=6008, stack(0x000000310d800000,0x000000310d900000)]
  0x000001dae5bbe080 JavaThread "PostgreSQL-JDBC-Cleaner" daemon [_thread_blocked, id=12576, stack(0x000000310da00000,0x000000310db00000)]
  0x000001dae5bbcd40 JavaThread "HikariPool-1 housekeeper" daemon [_thread_blocked, id=7852, stack(0x000000310db00000,0x000000310dc00000)]
  0x000001dae5bbea20 JavaThread "HikariPool-1 connection adder" daemon [_thread_blocked, id=8000, stack(0x000000310dc00000,0x000000310dd00000)]
  0x000001dae5bbba00 JavaThread "File Watcher" daemon [_thread_blocked, id=8020, stack(0x000000310dd00000,0x000000310de00000)]
  0x000001dae5bbc870 JavaThread "Live Reload Server" daemon [_thread_in_native, id=12408, stack(0x000000310df00000,0x000000310e000000)]
  0x000001dae5bbbed0 JavaThread "http-nio-8081-exec-1" daemon [_thread_blocked, id=3716, stack(0x000000310de00000,0x000000310df00000)]
  0x000001dae5bbc3a0 JavaThread "http-nio-8081-exec-2" daemon [_thread_blocked, id=1696, stack(0x000000310e000000,0x000000310e100000)]
  0x000001dae5bbd210 JavaThread "http-nio-8081-exec-3" daemon [_thread_blocked, id=6880, stack(0x000000310e100000,0x000000310e200000)]
  0x000001dae5bbd6e0 JavaThread "http-nio-8081-exec-4" daemon [_thread_blocked, id=10248, stack(0x000000310e200000,0x000000310e300000)]
  0x000001da9f767b60 JavaThread "http-nio-8081-exec-5" daemon [_thread_blocked, id=6600, stack(0x000000310e300000,0x000000310e400000)]
  0x000001da9f76b9f0 JavaThread "http-nio-8081-exec-6" daemon [_thread_blocked, id=6140, stack(0x000000310e400000,0x000000310e500000)]
  0x000001da9f76d6d0 JavaThread "http-nio-8081-exec-7" daemon [_thread_blocked, id=12284, stack(0x000000310e500000,0x000000310e600000)]
  0x000001da9f769840 JavaThread "http-nio-8081-exec-8" daemon [_thread_blocked, id=9176, stack(0x000000310e600000,0x000000310e700000)]
  0x000001da9f76b050 JavaThread "http-nio-8081-exec-9" daemon [_thread_blocked, id=3644, stack(0x000000310e700000,0x000000310e800000)]
  0x000001da9f76bec0 JavaThread "http-nio-8081-exec-10" daemon [_thread_blocked, id=4304, stack(0x000000310e800000,0x000000310e900000)]
  0x000001da9f76d200 JavaThread "http-nio-8081-Poller" daemon [_thread_in_native, id=5080, stack(0x000000310e900000,0x000000310ea00000)]
  0x000001da9f769d10 JavaThread "http-nio-8081-Acceptor" daemon [_thread_in_native, id=9868, stack(0x000000310ea00000,0x000000310eb00000)]
  0x000001da9f76c390 JavaThread "DestroyJavaVM" [_thread_blocked, id=3884, stack(0x000000310b900000,0x000000310ba00000)]

Other Threads:
  0x000001da9f475200 VMThread "VM Thread" [stack: 0x000000310c000000,0x000000310c100000] [id=15356]
  0x000001dae518b920 WatcherThread [stack: 0x000000310cf00000,0x000000310d000000] [id=3812]
  0x000001da81e31c80 GCTaskThread "GC Thread#0" [stack: 0x000000310bb00000,0x000000310bc00000] [id=3008]
  0x000001dae54aed20 GCTaskThread "GC Thread#1" [stack: 0x000000310d000000,0x000000310d100000] [id=15220]
  0x000001dae5441030 GCTaskThread "GC Thread#2" [stack: 0x000000310d100000,0x000000310d200000] [id=15084]
  0x000001dae54412e0 GCTaskThread "GC Thread#3" [stack: 0x000000310d200000,0x000000310d300000] [id=13804]
  0x000001da81e42340 ConcurrentGCThread "G1 Main Marker" [stack: 0x000000310bc00000,0x000000310bd00000] [id=8712]
  0x000001da81e42d50 ConcurrentGCThread "G1 Conc#0" [stack: 0x000000310bd00000,0x000000310be00000] [id=12772]
  0x000001da9f330090 ConcurrentGCThread "G1 Refine#0" [stack: 0x000000310be00000,0x000000310bf00000] [id=14448]
  0x000001dae5287bb0 ConcurrentGCThread "G1 Refine#1" [stack: 0x000000310d300000,0x000000310d400000] [id=1408]
  0x000001da9f330ab0 ConcurrentGCThread "G1 Service" [stack: 0x000000310bf00000,0x000000310c000000] [id=1728]

Threads with active compile tasks:
C2 CompilerThread0     7349 4922   !   4       org.springframework.core.annotation.AnnotationsScanner::processMethodHierarchy (276 bytes)

VM state: not at safepoint (normal execution)

VM Mutex/Monitor currently owned by a thread: None

Heap address: 0x0000000084400000, size: 1980 MB, Compressed Oops mode: 32-bit

CDS archive(s) mapped at: [0x000001daa0000000-0x000001daa0bd0000-0x000001daa0bd0000), size 12386304, SharedBaseAddress: 0x000001daa0000000, ArchiveRelocationMode: 1.
Compressed class space mapped at: 0x000001daa1000000-0x000001dae1000000, reserved size: 1073741824
Narrow klass base: 0x000001daa0000000, Narrow klass shift: 0, Narrow klass range: 0x100000000

GC Precious Log:
 CPUs: 4 total, 4 available
 Memory: 7915M
 Large Page Support: Disabled
 NUMA Support: Disabled
 Compressed Oops: Enabled (32-bit)
 Heap Region Size: 1M
 Heap Min Capacity: 8M
 Heap Initial Capacity: 124M
 Heap Max Capacity: 1980M
 Pre-touch: Disabled
 Parallel Workers: 4
 Concurrent Workers: 1
 Concurrent Refinement Workers: 4
 Periodic GC: Disabled

Heap:
 garbage-first heap   total 51200K, used 37250K [0x0000000084400000, 0x0000000100000000)
  region size 1024K, 16 young (16384K), 3 survivors (3072K)
 Metaspace       used 58609K, committed 59136K, reserved 1114112K
  class space    used 7990K, committed 8192K, reserved 1048576K

Heap Regions: E=young(eden), S=young(survivor), O=old, HS=humongous(starts), HC=humongous(continues), CS=collection set, F=free, OA=open archive, CA=closed archive, TAMS=top-at-mark-start (previous, next)
|   0|0x0000000084400000, 0x0000000084500000, 0x0000000084500000|100%|HS|  |TAMS 0x0000000084500000, 0x0000000084400000| Complete 
|   1|0x0000000084500000, 0x0000000084600000, 0x0000000084600000|100%| O|  |TAMS 0x0000000084600000, 0x0000000084500000| Untracked 
|   2|0x0000000084600000, 0x0000000084700000, 0x0000000084700000|100%| O|  |TAMS 0x0000000084700000, 0x0000000084600000| Untracked 
|   3|0x0000000084700000, 0x0000000084800000, 0x0000000084800000|100%| O|  |TAMS 0x0000000084800000, 0x0000000084700000| Untracked 
|   4|0x0000000084800000, 0x0000000084900000, 0x0000000084900000|100%| O|  |TAMS 0x0000000084900000, 0x0000000084800000| Untracked 
|   5|0x0000000084900000, 0x0000000084a00000, 0x0000000084a00000|100%| O|  |TAMS 0x0000000084a00000, 0x0000000084900000| Untracked 
|   6|0x0000000084a00000, 0x0000000084b00000, 0x0000000084b00000|100%| O|  |TAMS 0x0000000084b00000, 0x0000000084a00000| Untracked 
|   7|0x0000000084b00000, 0x0000000084c00000, 0x0000000084c00000|100%| O|  |TAMS 0x0000000084c00000, 0x0000000084b00000| Untracked 
|   8|0x0000000084c00000, 0x0000000084d00000, 0x0000000084d00000|100%| O|  |TAMS 0x0000000084d00000, 0x0000000084c00000| Untracked 
|   9|0x0000000084d00000, 0x0000000084e00000, 0x0000000084e00000|100%| O|  |TAMS 0x0000000084e00000, 0x0000000084d00000| Untracked 
|  10|0x0000000084e00000, 0x0000000084f00000, 0x0000000084f00000|100%| O|  |TAMS 0x0000000084f00000, 0x0000000084e00000| Untracked 
|  11|0x0000000084f00000, 0x0000000085000000, 0x0000000085000000|100%| O|  |TAMS 0x0000000085000000, 0x0000000084f00000| Untracked 
|  12|0x0000000085000000, 0x0000000085100000, 0x0000000085100000|100%| O|  |TAMS 0x0000000085036c00, 0x0000000085000000| Untracked 
|  13|0x0000000085100000, 0x0000000085200000, 0x0000000085200000|100%| O|  |TAMS 0x0000000085100000, 0x0000000085100000| Untracked 
|  14|0x0000000085200000, 0x0000000085300000, 0x0000000085300000|100%| O|  |TAMS 0x0000000085200000, 0x0000000085200000| Untracked 
|  15|0x0000000085300000, 0x0000000085400000, 0x0000000085400000|100%| O|  |TAMS 0x0000000085300000, 0x0000000085300000| Untracked 
|  16|0x0000000085400000, 0x0000000085500000, 0x0000000085500000|100%| O|  |TAMS 0x0000000085400000, 0x0000000085400000| Untracked 
|  17|0x0000000085500000, 0x0000000085600000, 0x0000000085600000|100%| O|  |TAMS 0x0000000085600000, 0x0000000085500000| Untracked 
|  18|0x0000000085600000, 0x0000000085700000, 0x0000000085700000|100%| O|  |TAMS 0x0000000085700000, 0x0000000085600000| Untracked 
|  19|0x0000000085700000, 0x0000000085800000, 0x0000000085800000|100%| O|  |TAMS 0x0000000085800000, 0x0000000085700000| Untracked 
|  20|0x0000000085800000, 0x0000000085900000, 0x0000000085900000|100%| O|  |TAMS 0x0000000085900000, 0x0000000085800000| Untracked 
|  21|0x0000000085900000, 0x0000000085960a00, 0x0000000085a00000| 37%| O|  |TAMS 0x0000000085900000, 0x0000000085900000| Untracked 
|  22|0x0000000085a00000, 0x0000000085a00000, 0x0000000085b00000|  0%| F|  |TAMS 0x0000000085a00000, 0x0000000085a00000| Untracked 
|  23|0x0000000085b00000, 0x0000000085b00000, 0x0000000085c00000|  0%| F|  |TAMS 0x0000000085b00000, 0x0000000085b00000| Untracked 
|  24|0x0000000085c00000, 0x0000000085c00000, 0x0000000085d00000|  0%| F|  |TAMS 0x0000000085c00000, 0x0000000085c00000| Untracked 
|  25|0x0000000085d00000, 0x0000000085d00000, 0x0000000085e00000|  0%| F|  |TAMS 0x0000000085d00000, 0x0000000085d00000| Untracked 
|  26|0x0000000085e00000, 0x0000000085e00000, 0x0000000085f00000|  0%| F|  |TAMS 0x0000000085e00000, 0x0000000085e00000| Untracked 
|  27|0x0000000085f00000, 0x0000000086000000, 0x0000000086000000|100%| S|CS|TAMS 0x0000000085f00000, 0x0000000085f00000| Complete 
|  28|0x0000000086000000, 0x0000000086100000, 0x0000000086100000|100%| S|CS|TAMS 0x0000000086000000, 0x0000000086000000| Complete 
|  29|0x0000000086100000, 0x0000000086100000, 0x0000000086200000|  0%| F|  |TAMS 0x0000000086100000, 0x0000000086100000| Untracked 
|  30|0x0000000086200000, 0x0000000086200000, 0x0000000086300000|  0%| F|  |TAMS 0x0000000086200000, 0x0000000086200000| Untracked 
|  31|0x0000000086300000, 0x0000000086300000, 0x0000000086400000|  0%| F|  |TAMS 0x0000000086300000, 0x0000000086300000| Untracked 
|  32|0x0000000086400000, 0x0000000086500000, 0x0000000086500000|100%| S|CS|TAMS 0x0000000086400000, 0x0000000086400000| Complete 
|  33|0x0000000086500000, 0x0000000086500000, 0x0000000086600000|  0%| F|  |TAMS 0x0000000086500000, 0x0000000086500000| Untracked 
|  34|0x0000000086600000, 0x0000000086600000, 0x0000000086700000|  0%| F|  |TAMS 0x0000000086600000, 0x0000000086600000| Untracked 
|  35|0x0000000086700000, 0x0000000086700000, 0x0000000086800000|  0%| F|  |TAMS 0x0000000086700000, 0x0000000086700000| Untracked 
|  36|0x0000000086800000, 0x0000000086800000, 0x0000000086900000|  0%| F|  |TAMS 0x0000000086800000, 0x0000000086800000| Untracked 
|  37|0x0000000086900000, 0x00000000869eb300, 0x0000000086a00000| 91%| E|  |TAMS 0x0000000086900000, 0x0000000086900000| Complete 
|  38|0x0000000086a00000, 0x0000000086b00000, 0x0000000086b00000|100%| E|CS|TAMS 0x0000000086a00000, 0x0000000086a00000| Complete 
|  39|0x0000000086b00000, 0x0000000086c00000, 0x0000000086c00000|100%| E|CS|TAMS 0x0000000086b00000, 0x0000000086b00000| Complete 
|  40|0x0000000086c00000, 0x0000000086d00000, 0x0000000086d00000|100%| E|CS|TAMS 0x0000000086c00000, 0x0000000086c00000| Complete 
|  41|0x0000000086d00000, 0x0000000086e00000, 0x0000000086e00000|100%| E|CS|TAMS 0x0000000086d00000, 0x0000000086d00000| Complete 
|  71|0x0000000088b00000, 0x0000000088c00000, 0x0000000088c00000|100%| E|CS|TAMS 0x0000000088b00000, 0x0000000088b00000| Complete 
|  72|0x0000000088c00000, 0x0000000088d00000, 0x0000000088d00000|100%| E|CS|TAMS 0x0000000088c00000, 0x0000000088c00000| Complete 
|  73|0x0000000088d00000, 0x0000000088e00000, 0x0000000088e00000|100%| E|CS|TAMS 0x0000000088d00000, 0x0000000088d00000| Complete 
|  74|0x0000000088e00000, 0x0000000088f00000, 0x0000000088f00000|100%| E|CS|TAMS 0x0000000088e00000, 0x0000000088e00000| Complete 
|  75|0x0000000088f00000, 0x0000000089000000, 0x0000000089000000|100%| E|CS|TAMS 0x0000000088f00000, 0x0000000088f00000| Complete 
|  76|0x0000000089000000, 0x0000000089100000, 0x0000000089100000|100%| E|CS|TAMS 0x0000000089000000, 0x0000000089000000| Complete 
|  77|0x0000000089100000, 0x0000000089200000, 0x0000000089200000|100%| E|CS|TAMS 0x0000000089100000, 0x0000000089100000| Complete 
| 123|0x000000008bf00000, 0x000000008c000000, 0x000000008c000000|100%| E|CS|TAMS 0x000000008bf00000, 0x000000008bf00000| Complete 

Card table byte_map: [0x000001da98a50000,0x000001da98e30000] _byte_map_base: 0x000001da9862e000

Marking Bits (Prev, Next): (CMBitMap*) 0x000001da81e32290, (CMBitMap*) 0x000001da81e322d0
 Prev Bits: [0x000001da99210000, 0x000001da9b100000)
 Next Bits: [0x000001da9b100000, 0x000001da9cff0000)

Polling page: 0x000001da815a0000

Metaspace:

Usage:
  Non-class:     49.43 MB used.
      Class:      7.80 MB used.
       Both:     57.24 MB used.

Virtual space:
  Non-class space:       64.00 MB reserved,      49.75 MB ( 78%) committed,  1 nodes.
      Class space:        1.00 GB reserved,       8.00 MB ( <1%) committed,  1 nodes.
             Both:        1.06 GB reserved,      57.75 MB (  5%) committed. 

Chunk freelists:
   Non-Class:  13.92 MB
       Class:  7.82 MB
        Both:  21.74 MB

MaxMetaspaceSize: unlimited
CompressedClassSpaceSize: 1.00 GB
Initial GC threshold: 21.00 MB
Current GC threshold: 59.00 MB
CDS: on
MetaspaceReclaimPolicy: balanced
 - commit_granule_bytes: 65536.
 - commit_granule_words: 8192.
 - virtual_space_node_default_size: 8388608.
 - enlarge_chunks_in_place: 1.
 - new_chunks_are_fully_committed: 0.
 - uncommit_free_chunks: 1.
 - use_allocation_guard: 0.
 - handle_deallocations: 1.


Internal statistics:

num_allocs_failed_limit: 6.
num_arena_births: 684.
num_arena_deaths: 0.
num_vsnodes_births: 2.
num_vsnodes_deaths: 0.
num_space_committed: 924.
num_space_uncommitted: 0.
num_chunks_returned_to_freelist: 6.
num_chunks_taken_from_freelist: 2769.
num_chunk_merges: 3.
num_chunk_splits: 1995.
num_chunks_enlarged: 1575.
num_purges: 0.
num_inconsistent_stats: 0.

CodeHeap 'non-profiled nmethods': size=120000Kb used=2402Kb max_used=2402Kb free=117597Kb
 bounds [0x000001da91140000, 0x000001da913b0000, 0x000001da98670000]
CodeHeap 'profiled nmethods': size=120000Kb used=9889Kb max_used=9889Kb free=110110Kb
 bounds [0x000001da89670000, 0x000001da8a020000, 0x000001da90ba0000]
CodeHeap 'non-nmethods': size=5760Kb used=1322Kb max_used=1370Kb free=4437Kb
 bounds [0x000001da90ba0000, 0x000001da90e10000, 0x000001da91140000]
 total_blobs=5662 nmethods=5025 adapters=548
 compilation: enabled
              stopped_count=0, restarted_count=0
 full_count=0

Compilation events (20 events):
Event: 7.220 Thread 0x000001da9f498f30 5069       1       org.springframework.boot.autoconfigure.condition.ConditionEvaluationReport$ConditionAndOutcome::getOutcome (5 bytes)
Event: 7.220 Thread 0x000001da9f498f30 nmethod 5069 0x000001da91398690 code [0x000001da91398820, 0x000001da913988f8]
Event: 7.221 Thread 0x000001da9f498f30 5070       2       java.util.TreeMap::forEach (58 bytes)
Event: 7.221 Thread 0x000001da9f498f30 nmethod 5070 0x000001da8a012710 code [0x000001da8a012900, 0x000001da8a012cd8]
Event: 7.221 Thread 0x000001da9f498f30 5071 %     3       java.util.TreeMap::forEach @ 15 (58 bytes)
Event: 7.222 Thread 0x000001da9f498f30 nmethod 5071% 0x000001da8a012f10 code [0x000001da8a013120, 0x000001da8a013858]
Event: 7.222 Thread 0x000001da9f498f30 5074       2       org.springframework.boot.autoconfigure.condition.ConditionEvaluationReport$$Lambda$1373/0x000001daa182c220::accept (16 bytes)
Event: 7.223 Thread 0x000001da9f498f30 nmethod 5074 0x000001da8a013b10 code [0x000001da8a013d80, 0x000001da8a0143c8]
Event: 7.223 Thread 0x000001da9f498f30 5075       2       org.springframework.boot.autoconfigure.condition.ConditionEvaluationReport::lambda$getConditionAndOutcomesBySource$1 (13 bytes)
Event: 7.223 Thread 0x000001da9f498f30 nmethod 5075 0x000001da8a014890 code [0x000001da8a014ae0, 0x000001da8a0150a8]
Event: 7.224 Thread 0x000001da9f498f30 5076       2       org.springframework.core.annotation.AnnotationAwareOrderComparator::findOrder (18 bytes)
Event: 7.225 Thread 0x000001da9f498f30 nmethod 5076 0x000001da8a015510 code [0x000001da8a0156e0, 0x000001da8a015968]
Event: 7.225 Thread 0x000001da9f498f30 5077       2       jdk.internal.math.FDBigInteger::mult (64 bytes)
Event: 7.226 Thread 0x000001da9f498f30 nmethod 5077 0x000001da8a015a90 code [0x000001da8a015c40, 0x000001da8a015e78]
Event: 7.226 Thread 0x000001da9f498f30 5078       2       jdk.internal.math.FDBigInteger::<init> (30 bytes)
Event: 7.226 Thread 0x000001da9f498f30 nmethod 5078 0x000001da8a016090 code [0x000001da8a016240, 0x000001da8a0163c8]
Event: 7.226 Thread 0x000001da9f498f30 5079       2       jdk.internal.math.FDBigInteger::trimLeadingZeros (57 bytes)
Event: 7.226 Thread 0x000001da9f498f30 nmethod 5079 0x000001da8a016490 code [0x000001da8a016620, 0x000001da8a0167f8]
Event: 7.231 Thread 0x000001da9f498f30 5080       3       org.springframework.beans.factory.support.AbstractBeanFactory::getObjectForBeanInstance (164 bytes)
Event: 7.232 Thread 0x000001da9f498f30 nmethod 5080 0x000001da8a016910 code [0x000001da8a016be0, 0x000001da8a018088]

GC Heap History (20 events):
Event: 3.099 GC heap before
{Heap before GC invocations=5 (full 0):
 garbage-first heap   total 51200K, used 38897K [0x0000000084400000, 0x0000000100000000)
  region size 1024K, 33 young (33792K), 7 survivors (7168K)
 Metaspace       used 25208K, committed 25600K, reserved 1114112K
  class space    used 3149K, committed 3328K, reserved 1048576K
}
Event: 3.105 GC heap after
{Heap after GC invocations=6 (full 0):
 garbage-first heap   total 51200K, used 14886K [0x0000000084400000, 0x0000000100000000)
  region size 1024K, 6 young (6144K), 6 survivors (6144K)
 Metaspace       used 25208K, committed 25600K, reserved 1114112K
  class space    used 3149K, committed 3328K, reserved 1048576K
}
Event: 3.151 GC heap before
{Heap before GC invocations=6 (full 0):
 garbage-first heap   total 51200K, used 15910K [0x0000000084400000, 0x0000000100000000)
  region size 1024K, 7 young (7168K), 6 survivors (6144K)
 Metaspace       used 25286K, committed 25664K, reserved 1114112K
  class space    used 3158K, committed 3328K, reserved 1048576K
}
Event: 3.157 GC heap after
{Heap after GC invocations=7 (full 0):
 garbage-first heap   total 51200K, used 15064K [0x0000000084400000, 0x0000000100000000)
  region size 1024K, 1 young (1024K), 1 survivors (1024K)
 Metaspace       used 25286K, committed 25664K, reserved 1114112K
  class space    used 3158K, committed 3328K, reserved 1048576K
}
Event: 3.768 GC heap before
{Heap before GC invocations=7 (full 0):
 garbage-first heap   total 51200K, used 35544K [0x0000000084400000, 0x0000000100000000)
  region size 1024K, 21 young (21504K), 1 survivors (1024K)
 Metaspace       used 28842K, committed 29248K, reserved 1114112K
  class space    used 3666K, committed 3840K, reserved 1048576K
}
Event: 3.771 GC heap after
{Heap after GC invocations=8 (full 0):
 garbage-first heap   total 51200K, used 16815K [0x0000000084400000, 0x0000000100000000)
  region size 1024K, 3 young (3072K), 3 survivors (3072K)
 Metaspace       used 28842K, committed 29248K, reserved 1114112K
  class space    used 3666K, committed 3840K, reserved 1048576K
}
Event: 4.227 GC heap before
{Heap before GC invocations=8 (full 0):
 garbage-first heap   total 51200K, used 35247K [0x0000000084400000, 0x0000000100000000)
  region size 1024K, 22 young (22528K), 3 survivors (3072K)
 Metaspace       used 31645K, committed 32128K, reserved 1114112K
  class space    used 4016K, committed 4288K, reserved 1048576K
}
Event: 4.230 GC heap after
{Heap after GC invocations=9 (full 0):
 garbage-first heap   total 51200K, used 17732K [0x0000000084400000, 0x0000000100000000)
  region size 1024K, 2 young (2048K), 2 survivors (2048K)
 Metaspace       used 31645K, committed 32128K, reserved 1114112K
  class space    used 4016K, committed 4288K, reserved 1048576K
}
Event: 4.806 GC heap before
{Heap before GC invocations=9 (full 0):
 garbage-first heap   total 51200K, used 33092K [0x0000000084400000, 0x0000000100000000)
  region size 1024K, 18 young (18432K), 2 survivors (2048K)
 Metaspace       used 35566K, committed 35968K, reserved 1114112K
  class space    used 4642K, committed 4864K, reserved 1048576K
}
Event: 4.809 GC heap after
{Heap after GC invocations=10 (full 0):
 garbage-first heap   total 51200K, used 18446K [0x0000000084400000, 0x0000000100000000)
  region size 1024K, 2 young (2048K), 2 survivors (2048K)
 Metaspace       used 35566K, committed 35968K, reserved 1114112K
  class space    used 4642K, committed 4864K, reserved 1048576K
}
Event: 5.505 GC heap before
{Heap before GC invocations=11 (full 0):
 garbage-first heap   total 51200K, used 38926K [0x0000000084400000, 0x0000000100000000)
  region size 1024K, 22 young (22528K), 2 survivors (2048K)
 Metaspace       used 41331K, committed 41792K, reserved 1114112K
  class space    used 5440K, committed 5632K, reserved 1048576K
}
Event: 5.508 GC heap after
{Heap after GC invocations=12 (full 0):
 garbage-first heap   total 51200K, used 19645K [0x0000000084400000, 0x0000000100000000)
  region size 1024K, 2 young (2048K), 2 survivors (2048K)
 Metaspace       used 41331K, committed 41792K, reserved 1114112K
  class space    used 5440K, committed 5632K, reserved 1048576K
}
Event: 5.963 GC heap before
{Heap before GC invocations=12 (full 0):
 garbage-first heap   total 51200K, used 38077K [0x0000000084400000, 0x0000000100000000)
  region size 1024K, 21 young (21504K), 2 survivors (2048K)
 Metaspace       used 47346K, committed 47744K, reserved 1114112K
  class space    used 6292K, committed 6464K, reserved 1048576K
}
Event: 5.966 GC heap after
{Heap after GC invocations=13 (full 0):
 garbage-first heap   total 51200K, used 20970K [0x0000000084400000, 0x0000000100000000)
  region size 1024K, 3 young (3072K), 3 survivors (3072K)
 Metaspace       used 47346K, committed 47744K, reserved 1114112K
  class space    used 6292K, committed 6464K, reserved 1048576K
}
Event: 6.358 GC heap before
{Heap before GC invocations=13 (full 0):
 garbage-first heap   total 51200K, used 40426K [0x0000000084400000, 0x0000000100000000)
  region size 1024K, 22 young (22528K), 3 survivors (3072K)
 Metaspace       used 52073K, committed 52608K, reserved 1114112K
  class space    used 7116K, committed 7360K, reserved 1048576K
}
Event: 6.362 GC heap after
{Heap after GC invocations=14 (full 0):
 garbage-first heap   total 51200K, used 22042K [0x0000000084400000, 0x0000000100000000)
  region size 1024K, 3 young (3072K), 3 survivors (3072K)
 Metaspace       used 52073K, committed 52608K, reserved 1114112K
  class space    used 7116K, committed 7360K, reserved 1048576K
}
Event: 6.660 GC heap before
{Heap before GC invocations=14 (full 0):
 garbage-first heap   total 51200K, used 40474K [0x0000000084400000, 0x0000000100000000)
  region size 1024K, 21 young (21504K), 3 survivors (3072K)
 Metaspace       used 55225K, committed 55744K, reserved 1114112K
  class space    used 7521K, committed 7744K, reserved 1048576K
}
Event: 6.663 GC heap after
{Heap after GC invocations=15 (full 0):
 garbage-first heap   total 51200K, used 23362K [0x0000000084400000, 0x0000000100000000)
  region size 1024K, 3 young (3072K), 3 survivors (3072K)
 Metaspace       used 55225K, committed 55744K, reserved 1114112K
  class space    used 7521K, committed 7744K, reserved 1048576K
}
Event: 6.954 GC heap before
{Heap before GC invocations=15 (full 0):
 garbage-first heap   total 51200K, used 40770K [0x0000000084400000, 0x0000000100000000)
  region size 1024K, 20 young (20480K), 3 survivors (3072K)
 Metaspace       used 56970K, committed 57536K, reserved 1114112K
  class space    used 7766K, committed 8064K, reserved 1048576K
}
Event: 6.958 GC heap after
{Heap after GC invocations=16 (full 0):
 garbage-first heap   total 51200K, used 24962K [0x0000000084400000, 0x0000000100000000)
  region size 1024K, 3 young (3072K), 3 survivors (3072K)
 Metaspace       used 56970K, committed 57536K, reserved 1114112K
  class space    used 7766K, committed 8064K, reserved 1048576K
}

Deoptimization events (20 events):
Event: 7.044 Thread 0x000001dae56cd010 Uncommon trap: trap_request=0xffffffde fr.pc=0x000001da911d17d0 relative=0x0000000000000110
Event: 7.044 Thread 0x000001dae56cd010 Uncommon trap: reason=class_check action=maybe_recompile pc=0x000001da911d17d0 method=org.springframework.boot.context.properties.source.ConfigurationPropertyName$Elements.charAt(II)C @ 43 c2
Event: 7.044 Thread 0x000001dae56cd010 DEOPT PACKING pc=0x000001da911d17d0 sp=0x000000310d5fb290
Event: 7.044 Thread 0x000001dae56cd010 DEOPT UNPACKING pc=0x000001da90bf5ba3 sp=0x000000310d5fb208 mode 2
Event: 7.058 Thread 0x000001dae56cd010 Uncommon trap: trap_request=0xfffffff4 fr.pc=0x000001da91262d40 relative=0x0000000000000220
Event: 7.058 Thread 0x000001dae56cd010 Uncommon trap: reason=null_check action=make_not_entrant pc=0x000001da91262d40 method=org.springframework.util.ClassUtils.isAssignable(Ljava/lang/Class;Ljava/lang/Class;)Z @ 14 c2
Event: 7.058 Thread 0x000001dae56cd010 DEOPT PACKING pc=0x000001da91262d40 sp=0x000000310d5fdbb0
Event: 7.058 Thread 0x000001dae56cd010 DEOPT UNPACKING pc=0x000001da90bf5ba3 sp=0x000000310d5fdb40 mode 2
Event: 7.170 Thread 0x000001dae56cd010 Uncommon trap: trap_request=0xffffff45 fr.pc=0x000001da911de460 relative=0x0000000000000060
Event: 7.170 Thread 0x000001dae56cd010 Uncommon trap: reason=unstable_if action=reinterpret pc=0x000001da911de460 method=org.springframework.util.ConcurrentReferenceHashMap$Segment.clear()V @ 7 c2
Event: 7.170 Thread 0x000001dae56cd010 DEOPT PACKING pc=0x000001da911de460 sp=0x000000310d5fe4f0
Event: 7.170 Thread 0x000001dae56cd010 DEOPT UNPACKING pc=0x000001da90bf5ba3 sp=0x000000310d5fe480 mode 2
Event: 7.171 Thread 0x000001dae56cd010 Uncommon trap: trap_request=0xffffff54 fr.pc=0x000001da911dd1f0 relative=0x0000000000000230
Event: 7.171 Thread 0x000001dae56cd010 Uncommon trap: reason=speculate_null_assert action=make_not_entrant pc=0x000001da911dd1f0 method=org.springframework.util.ConcurrentReferenceHashMap$Segment.restructureIfNecessary(Z)V @ 41 c2
Event: 7.171 Thread 0x000001dae56cd010 DEOPT PACKING pc=0x000001da911dd1f0 sp=0x000000310d5fe1e0
Event: 7.171 Thread 0x000001dae56cd010 DEOPT UNPACKING pc=0x000001da90bf5ba3 sp=0x000000310d5fe1b8 mode 2
Event: 7.195 Thread 0x000001dae56cd010 Uncommon trap: trap_request=0xffffff45 fr.pc=0x000001da9132f268 relative=0x0000000000000e28
Event: 7.195 Thread 0x000001dae56cd010 Uncommon trap: reason=unstable_if action=reinterpret pc=0x000001da9132f268 method=java.lang.String.<init>([BIILjava/nio/charset/Charset;)V @ 18 c2
Event: 7.195 Thread 0x000001dae56cd010 DEOPT PACKING pc=0x000001da9132f268 sp=0x000000310d5fd790
Event: 7.195 Thread 0x000001dae56cd010 DEOPT UNPACKING pc=0x000001da90bf5ba3 sp=0x000000310d5fd750 mode 2

Classes unloaded (0 events):
No events

Classes redefined (0 events):
No events

Internal exceptions (20 events):
Event: 6.300 Thread 0x000001dae56cd010 Exception <a 'java/lang/NoSuchMethodError'{0x000000008669bec0}: 'java.lang.Object java.lang.invoke.DirectMethodHandle$Holder.invokeSpecial(java.lang.Object, java.lang.Object, java.lang.Object, java.lang.Object, java.lang.Object, java.lang.Object, java.lang.Object, java.lang.Object, java.lang.Object, java.lang.Object, java.lang.Object, java.lang.Object, java.lang.Object)'> (0x000000008669bec0) 
thrown [s\open\src\hotspot\share\interpreter\linkResolver.cpp, line 759]
Event: 6.300 Thread 0x000001dae56cd010 Exception <a 'java/lang/NoSuchMethodError'{0x00000000866a05d8}: 'java.lang.Object java.lang.invoke.Invokers$Holder.linkToTargetMethod(java.lang.Object, java.lang.Object, java.lang.Object, java.lang.Object, java.lang.Object, java.lang.Object, java.lang.Object, java.lang.Object, java.lang.Object, java.lang.Object, java.lang.Object, java.lang.Object)'> (0x00000000866a05d8) 
thrown [s\open\src\hotspot\share\interpreter\linkResolver.cpp, line 759]
Event: 6.325 Thread 0x000001dae56cd010 Exception <a 'java/lang/NoSuchMethodError'{0x000000008644a940}: 'java.lang.Object java.lang.invoke.DirectMethodHandle$Holder.newInvokeSpecial(java.lang.Object, java.lang.Object, java.lang.Object, java.lang.Object, java.lang.Object, java.lang.Object)'> (0x000000008644a940) 
thrown [s\open\src\hotspot\share\interpreter\linkResolver.cpp, line 759]
Event: 6.334 Thread 0x000001dae56cd010 Exception <a 'java/lang/NoSuchMethodError'{0x00000000864b90b8}: 'java.lang.Object java.lang.invoke.DirectMethodHandle$Holder.newInvokeSpecial(java.lang.Object, java.lang.Object, java.lang.Object, java.lang.Object, java.lang.Object, java.lang.Object, java.lang.Object, int)'> (0x00000000864b90b8) 
thrown [s\open\src\hotspot\share\interpreter\linkResolver.cpp, line 759]
Event: 6.334 Thread 0x000001dae56cd010 Exception <a 'java/lang/NoSuchMethodError'{0x00000000864be358}: 'java.lang.Object java.lang.invoke.DirectMethodHandle$Holder.invokeSpecial(java.lang.Object, java.lang.Object, java.lang.Object, java.lang.Object, java.lang.Object, java.lang.Object, java.lang.Object, java.lang.Object, int)'> (0x00000000864be358) 
thrown [s\open\src\hotspot\share\interpreter\linkResolver.cpp, line 759]
Event: 6.334 Thread 0x000001dae56cd010 Exception <a 'java/lang/NoSuchMethodError'{0x00000000864c2e20}: 'java.lang.Object java.lang.invoke.Invokers$Holder.linkToTargetMethod(java.lang.Object, java.lang.Object, java.lang.Object, java.lang.Object, java.lang.Object, java.lang.Object, int, java.lang.Object)'> (0x00000000864c2e20) 
thrown [s\open\src\hotspot\share\interpreter\linkResolver.cpp, line 759]
Event: 6.351 Thread 0x000001dae56cd010 Exception <a 'java/lang/NoSuchMethodError'{0x000000008638a4c0}: 'void java.lang.invoke.DirectMethodHandle$Holder.invokeInterface(java.lang.Object, java.lang.Object)'> (0x000000008638a4c0) 
thrown [s\open\src\hotspot\share\interpreter\linkResolver.cpp, line 759]
Event: 6.500 Thread 0x000001dae56cd010 Exception <a 'java/lang/IncompatibleClassChangeError'{0x0000000088b49eb0}: Found class java.lang.Object, but interface was expected> (0x0000000088b49eb0) 
thrown [s\open\src\hotspot\share\interpreter\linkResolver.cpp, line 826]
Event: 6.508 Thread 0x000001dae56cd010 Exception <a 'java/lang/IncompatibleClassChangeError'{0x0000000088bc8ab8}: Found class java.lang.Object, but interface was expected> (0x0000000088bc8ab8) 
thrown [s\open\src\hotspot\share\interpreter\linkResolver.cpp, line 826]
Event: 6.535 Thread 0x000001dae56cd010 Exception <a 'java/lang/IncompatibleClassChangeError'{0x0000000086c29c60}: Found class java.lang.Object, but interface was expected> (0x0000000086c29c60) 
thrown [s\open\src\hotspot\share\interpreter\linkResolver.cpp, line 826]
Event: 6.639 Thread 0x000001dae56cd010 Exception <a 'java/lang/IncompatibleClassChangeError'{0x0000000086693bf0}: Found class java.lang.Object, but interface was expected> (0x0000000086693bf0) 
thrown [s\open\src\hotspot\share\interpreter\linkResolver.cpp, line 826]
Event: 6.865 Thread 0x000001dae56cd010 Exception <a 'sun/nio/fs/WindowsException'{0x0000000086ad4340}> (0x0000000086ad4340) 
thrown [s\open\src\hotspot\share\prims\jni.cpp, line 516]
Event: 6.912 Thread 0x000001dae56cd010 Exception <a 'java/lang/IncompatibleClassChangeError'{0x00000000867f44f0}: Found class java.lang.Object, but interface was expected> (0x00000000867f44f0) 
thrown [s\open\src\hotspot\share\interpreter\linkResolver.cpp, line 826]
Event: 6.949 Thread 0x000001dae56cd010 Exception <a 'java/lang/NoSuchMethodError'{0x00000000865a0ec8}: 'void java.lang.invoke.DirectMethodHandle$Holder.invokeVirtual(java.lang.Object, java.lang.Object, long)'> (0x00000000865a0ec8) 
thrown [s\open\src\hotspot\share\interpreter\linkResolver.cpp, line 759]
Event: 7.049 Thread 0x000001dae56cd010 Exception <a 'java/lang/IncompatibleClassChangeError'{0x0000000088ec22b8}: Found class java.lang.Object, but interface was expected> (0x0000000088ec22b8) 
thrown [s\open\src\hotspot\share\interpreter\linkResolver.cpp, line 826]
Event: 7.058 Thread 0x000001dae56cd010 Implicit null exception at 0x000001da91262b3a to 0x000001da91262d2c
Event: 7.173 Thread 0x000001dae56cd010 Exception <a 'java/lang/NoSuchMethodError'{0x0000000086b0b608}: 'java.lang.Object java.lang.invoke.DirectMethodHandle$Holder.newInvokeSpecial(java.lang.Object, java.lang.Object, int, java.lang.Object, java.lang.Object)'> (0x0000000086b0b608) 
thrown [s\open\src\hotspot\share\interpreter\linkResolver.cpp, line 759]
Event: 7.173 Thread 0x000001dae56cd010 Exception <a 'java/lang/NoSuchMethodError'{0x0000000086b16c80}: 'java.lang.Object java.lang.invoke.DirectMethodHandle$Holder.invokeSpecial(java.lang.Object, java.lang.Object, int, java.lang.Object, int, java.lang.Object)'> (0x0000000086b16c80) 
thrown [s\open\src\hotspot\share\interpreter\linkResolver.cpp, line 759]
Event: 7.174 Thread 0x000001dae56cd010 Exception <a 'java/lang/NoSuchMethodError'{0x0000000086b1ed30}: 'java.lang.Object java.lang.invoke.DirectMethodHandle$Holder.newInvokeSpecial(java.lang.Object, java.lang.Object, int, java.lang.Object, int)'> (0x0000000086b1ed30) 
thrown [s\open\src\hotspot\share\interpreter\linkResolver.cpp, line 759]
Event: 7.174 Thread 0x000001dae56cd010 Exception <a 'java/lang/NoSuchMethodError'{0x0000000086b22e30}: 'java.lang.Object java.lang.invoke.DirectMethodHandle$Holder.invokeSpecial(java.lang.Object, java.lang.Object, java.lang.Object, int, java.lang.Object, int)'> (0x0000000086b22e30) 
thrown [s\open\src\hotspot\share\interpreter\linkResolver.cpp, line 759]

VM Operations (20 events):
Event: 6.659 Executing VM operation: G1CollectForAllocation
Event: 6.663 Executing VM operation: G1CollectForAllocation done
Event: 6.673 Executing VM operation: HandshakeAllThreads
Event: 6.673 Executing VM operation: HandshakeAllThreads done
Event: 6.674 Executing VM operation: HandshakeAllThreads
Event: 6.674 Executing VM operation: HandshakeAllThreads done
Event: 6.758 Executing VM operation: HandshakeAllThreads
Event: 6.758 Executing VM operation: HandshakeAllThreads done
Event: 6.784 Executing VM operation: HandshakeAllThreads
Event: 6.784 Executing VM operation: HandshakeAllThreads done
Event: 6.797 Executing VM operation: HandshakeAllThreads
Event: 6.797 Executing VM operation: HandshakeAllThreads done
Event: 6.822 Executing VM operation: HandshakeAllThreads
Event: 6.822 Executing VM operation: HandshakeAllThreads done
Event: 6.954 Executing VM operation: G1CollectForAllocation
Event: 6.958 Executing VM operation: G1CollectForAllocation done
Event: 6.973 Executing VM operation: HandshakeAllThreads
Event: 6.973 Executing VM operation: HandshakeAllThreads done
Event: 7.171 Executing VM operation: HandshakeAllThreads
Event: 7.171 Executing VM operation: HandshakeAllThreads done

Events (20 events):
Event: 7.235 loading class java/beans/WeakIdentityMap$Entry done
Event: 7.235 loading class com/sun/beans/introspect/ClassInfo
Event: 7.235 loading class com/sun/beans/introspect/ClassInfo done
Event: 7.235 loading class com/sun/beans/introspect/ClassInfo$1
Event: 7.235 loading class com/sun/beans/util/Cache
Event: 7.235 loading class com/sun/beans/util/Cache done
Event: 7.235 loading class com/sun/beans/introspect/ClassInfo$1 done
Event: 7.235 loading class com/sun/beans/util/Cache$Kind
Event: 7.235 loading class com/sun/beans/util/Cache$Kind done
Event: 7.235 loading class com/sun/beans/util/Cache$Kind$1
Event: 7.235 loading class com/sun/beans/util/Cache$Kind$1 done
Event: 7.235 loading class com/sun/beans/util/Cache$Kind$2
Event: 7.235 loading class com/sun/beans/util/Cache$Kind$2 done
Event: 7.235 loading class com/sun/beans/util/Cache$Kind$3
Event: 7.235 loading class com/sun/beans/util/Cache$Kind$3 done
Event: 7.235 loading class com/sun/beans/util/Cache$CacheEntry
Event: 7.235 loading class com/sun/beans/util/Cache$CacheEntry done
Event: 7.236 Thread 0x000001dae55911b0 Thread exited: 0x000001dae55911b0
Event: 7.236 Thread 0x000001da81dcfb80 Thread exited: 0x000001da81dcfb80
Event: 7.236 Thread 0x000001da9f76c390 Thread added: 0x000001da9f76c390


Dynamic libraries:
0x00007ff789400000 - 0x00007ff789410000 	C:\Program Files\Java\jdk-17\bin\java.exe
0x00007ff90b3f0000 - 0x00007ff90b607000 	C:\WINDOWS\SYSTEM32\ntdll.dll
0x00007ff909a60000 - 0x00007ff909b24000 	C:\WINDOWS\System32\KERNEL32.DLL
0x00007ff908910000 - 0x00007ff908cb6000 	C:\WINDOWS\System32\KERNELBASE.dll
0x00007ff908750000 - 0x00007ff908861000 	C:\WINDOWS\System32\ucrtbase.dll
0x00007ff89f5e0000 - 0x00007ff89f5f9000 	C:\Program Files\Java\jdk-17\bin\jli.dll
0x00007ff9091a0000 - 0x00007ff909251000 	C:\WINDOWS\System32\ADVAPI32.dll
0x00007ff90b300000 - 0x00007ff90b3a7000 	C:\WINDOWS\System32\msvcrt.dll
0x00007ff909710000 - 0x00007ff9097b5000 	C:\WINDOWS\System32\sechost.dll
0x00007ff9098c0000 - 0x00007ff9099d7000 	C:\WINDOWS\System32\RPCRT4.dll
0x00007ff90a240000 - 0x00007ff90a3ee000 	C:\WINDOWS\System32\USER32.dll
0x00007ff909100000 - 0x00007ff909126000 	C:\WINDOWS\System32\win32u.dll
0x00007ff909650000 - 0x00007ff909679000 	C:\WINDOWS\System32\GDI32.dll
0x00007ff908cc0000 - 0x00007ff908dd8000 	C:\WINDOWS\System32\gdi32full.dll
0x00007ff908870000 - 0x00007ff90890a000 	C:\WINDOWS\System32\msvcp_win.dll
0x00007ff89bd00000 - 0x00007ff89bd1b000 	C:\Program Files\Java\jdk-17\bin\VCRUNTIME140.dll
0x00007ff8ec840000 - 0x00007ff8ecad3000 	C:\WINDOWS\WinSxS\amd64_microsoft.windows.common-controls_6595b64144ccf1df_6.0.22621.2706_none_270c5aa17388e1a2\COMCTL32.dll
0x00007ff8f7a00000 - 0x00007ff8f7a0a000 	C:\WINDOWS\SYSTEM32\VERSION.dll
0x00007ff90b230000 - 0x00007ff90b261000 	C:\WINDOWS\System32\IMM32.DLL
0x00007ff8a06f0000 - 0x00007ff8a06fc000 	C:\Program Files\Java\jdk-17\bin\vcruntime140_1.dll
0x00007ff8935d0000 - 0x00007ff89365e000 	C:\Program Files\Java\jdk-17\bin\msvcp140.dll
0x00007ff8d0b80000 - 0x00007ff8d175e000 	C:\Program Files\Java\jdk-17\bin\server\jvm.dll
0x00007ff90a220000 - 0x00007ff90a228000 	C:\WINDOWS\System32\PSAPI.DLL
0x00007ff8d38f0000 - 0x00007ff8d38f9000 	C:\WINDOWS\SYSTEM32\WSOCK32.dll
0x00007ff9099e0000 - 0x00007ff909a51000 	C:\WINDOWS\System32\WS2_32.dll
0x00007ff8f7d50000 - 0x00007ff8f7d84000 	C:\WINDOWS\SYSTEM32\WINMM.dll
0x00007ff9077b0000 - 0x00007ff9077c8000 	C:\WINDOWS\SYSTEM32\kernel.appcore.dll
0x00007ff8d07f0000 - 0x00007ff8d07fa000 	C:\Program Files\Java\jdk-17\bin\jimage.dll
0x00007ff906270000 - 0x00007ff9064a3000 	C:\WINDOWS\SYSTEM32\DBGHELP.DLL
0x00007ff9092c0000 - 0x00007ff909649000 	C:\WINDOWS\System32\combase.dll
0x00007ff90a5d0000 - 0x00007ff90a6a7000 	C:\WINDOWS\System32\OLEAUT32.dll
0x00007ff8d7e20000 - 0x00007ff8d7e52000 	C:\WINDOWS\SYSTEM32\dbgcore.DLL
0x00007ff908de0000 - 0x00007ff908e5a000 	C:\WINDOWS\System32\bcryptPrimitives.dll
0x00007ff8d07a0000 - 0x00007ff8d07c5000 	C:\Program Files\Java\jdk-17\bin\java.dll
0x00007ff8cfa80000 - 0x00007ff8cfb57000 	C:\Program Files\Java\jdk-17\bin\jsvml.dll
0x00007ff90a9d0000 - 0x00007ff90b228000 	C:\WINDOWS\System32\SHELL32.dll
0x00007ff9064b0000 - 0x00007ff906da5000 	C:\WINDOWS\SYSTEM32\windows.storage.dll
0x00007ff906130000 - 0x00007ff90626e000 	C:\WINDOWS\SYSTEM32\wintypes.dll
0x00007ff9097c0000 - 0x00007ff9098b3000 	C:\WINDOWS\System32\SHCORE.dll
0x00007ff90a6b0000 - 0x00007ff90a70e000 	C:\WINDOWS\System32\shlwapi.dll
0x00007ff908680000 - 0x00007ff9086a6000 	C:\WINDOWS\SYSTEM32\profapi.dll
0x00007ff8cf990000 - 0x00007ff8cf9a9000 	C:\Program Files\Java\jdk-17\bin\net.dll
0x00007ff8fdc60000 - 0x00007ff8fdd97000 	C:\WINDOWS\SYSTEM32\WINHTTP.dll
0x00007ff907cc0000 - 0x00007ff907d29000 	C:\WINDOWS\system32\mswsock.dll
0x00007ff8cf970000 - 0x00007ff8cf986000 	C:\Program Files\Java\jdk-17\bin\nio.dll
0x00007ff8cf950000 - 0x00007ff8cf968000 	C:\Program Files\Java\jdk-17\bin\zip.dll
0x00007ff8cb690000 - 0x00007ff8cb69a000 	C:\Program Files\Java\jdk-17\bin\management.dll
0x00007ff8cb680000 - 0x00007ff8cb68b000 	C:\Program Files\Java\jdk-17\bin\management_ext.dll
0x00007ff8d6160000 - 0x00007ff8d6177000 	C:\WINDOWS\system32\napinsp.dll
0x00007ff8d4a70000 - 0x00007ff8d4a8b000 	C:\WINDOWS\system32\pnrpnsp.dll
0x00007ff907120000 - 0x00007ff907219000 	C:\WINDOWS\SYSTEM32\DNSAPI.dll
0x00007ff9070f0000 - 0x00007ff90711d000 	C:\WINDOWS\SYSTEM32\IPHLPAPI.DLL
0x00007ff90a230000 - 0x00007ff90a239000 	C:\WINDOWS\System32\NSI.dll
0x00007ff8d48a0000 - 0x00007ff8d48b1000 	C:\WINDOWS\System32\winrnr.dll
0x00007ff8f7ca0000 - 0x00007ff8f7cb5000 	C:\WINDOWS\system32\wshbth.dll
0x00007ff8d4870000 - 0x00007ff8d4891000 	C:\WINDOWS\system32\nlansp_c.dll
0x00007ff8f7840000 - 0x00007ff8f784a000 	C:\Windows\System32\rasadhlp.dll
0x00007ff8f7850000 - 0x00007ff8f78d3000 	C:\WINDOWS\System32\fwpuclnt.dll
0x00007ff907f20000 - 0x00007ff907f3b000 	C:\WINDOWS\SYSTEM32\CRYPTSP.dll
0x00007ff9076a0000 - 0x00007ff9076d5000 	C:\WINDOWS\system32\rsaenh.dll
0x00007ff907db0000 - 0x00007ff907ddc000 	C:\WINDOWS\SYSTEM32\USERENV.dll
0x00007ff908100000 - 0x00007ff908128000 	C:\WINDOWS\SYSTEM32\bcrypt.dll
0x00007ff907f10000 - 0x00007ff907f1c000 	C:\WINDOWS\SYSTEM32\CRYPTBASE.dll
0x00007ff8fdb70000 - 0x00007ff8fdb89000 	C:\WINDOWS\SYSTEM32\dhcpcsvc6.DLL
0x00007ff8fdb50000 - 0x00007ff8fdb6f000 	C:\WINDOWS\SYSTEM32\dhcpcsvc.DLL
0x00007ff8ce7f0000 - 0x00007ff8ce7fe000 	C:\Program Files\Java\jdk-17\bin\sunmscapi.dll
0x00007ff908f90000 - 0x00007ff9090f6000 	C:\WINDOWS\System32\CRYPT32.dll
0x00007ff9080d0000 - 0x00007ff9080fd000 	C:\WINDOWS\SYSTEM32\ncrypt.dll
0x00007ff908090000 - 0x00007ff9080c7000 	C:\WINDOWS\SYSTEM32\NTASN1.dll
0x00007ff89c5d0000 - 0x00007ff89c5e0000 	C:\Program Files\Java\jdk-17\bin\verify.dll
0x00007ff8be3d0000 - 0x00007ff8be3d8000 	C:\WINDOWS\system32\wshunix.dll

dbghelp: loaded successfully - version: 4.0.5 - missing functions: none
symbol engine: initialized successfully - sym options: 0x614 - pdb path: .;C:\Program Files\Java\jdk-17\bin;C:\WINDOWS\SYSTEM32;C:\WINDOWS\WinSxS\amd64_microsoft.windows.common-controls_6595b64144ccf1df_6.0.22621.2706_none_270c5aa17388e1a2;C:\Program Files\Java\jdk-17\bin\server

VM Arguments:
jvm_args: -Dcom.sun.management.jmxremote -Dcom.sun.management.jmxremote.port=52071 -Dcom.sun.management.jmxremote.authenticate=false -Dcom.sun.management.jmxremote.ssl=false -Dspring.jmx.enabled=true -Djava.rmi.server.hostname=localhost -Dspring.application.admin.enabled=true -Dspring.boot.project.name=api_cadastro_produtos -XX:+ShowCodeDetailsInExceptionMessages 
java_command: br.com.andregattermeyer.api_cadastro_produtos.ApiCadastroProdutosApplication
java_class_path (initial): C:\APIs\cadastrar produtos\api_cadastro_produtos\target\classes;C:\Users\andre\.m2\repository\org\springframework\boot\spring-boot-starter-data-jpa\3.2.1\spring-boot-starter-data-jpa-3.2.1.jar;C:\Users\andre\.m2\repository\org\springframework\boot\spring-boot-starter-aop\3.2.1\spring-boot-starter-aop-3.2.1.jar;C:\Users\andre\.m2\repository\org\springframework\spring-aop\6.1.2\spring-aop-6.1.2.jar;C:\Users\andre\.m2\repository\org\aspectj\aspectjweaver\1.9.21\aspectjweaver-1.9.21.jar;C:\Users\andre\.m2\repository\org\springframework\boot\spring-boot-starter-jdbc\3.2.1\spring-boot-starter-jdbc-3.2.1.jar;C:\Users\andre\.m2\repository\com\zaxxer\HikariCP\5.0.1\HikariCP-5.0.1.jar;C:\Users\andre\.m2\repository\org\springframework\spring-jdbc\6.1.2\spring-jdbc-6.1.2.jar;C:\Users\andre\.m2\repository\org\hibernate\orm\hibernate-core\6.4.1.Final\hibernate-core-6.4.1.Final.jar;C:\Users\andre\.m2\repository\jakarta\persistence\jakarta.persistence-api\3.1.0\jakarta.persistence-api-3.1.0.jar;C:\Users\andre\.m2\repository\jakarta\transaction\jakarta.transaction-api\2.0.1\jakarta.transaction-api-2.0.1.jar;C:\Users\andre\.m2\repository\org\jboss\logging\jboss-logging\3.5.3.Final\jboss-logging-3.5.3.Final.jar;C:\Users\andre\.m2\repository\org\hibernate\common\hibernate-commons-annotations\6.0.6.Final\hibernate-commons-annotations-6.0.6.Final.jar;C:\Users\andre\.m2\repository\io\smallrye\jandex\3.1.2\jandex-3.1.2.jar;C:\Users\andre\.m2\repository\com\fasterxml\classmate\1.6.0\classmate-1.6.0.jar;C:\Users\andre\.m2\repository\net\bytebuddy\byte-buddy\1.14.10\byte-buddy-1.14.10.jar;C:\Users\andre\.m2\repository\org\glassfish\jaxb\jaxb-runtime\4.0.4\jaxb-runtime-4.0.4.jar;C:\Users\andre\.m2\repository\org\glassfish\jaxb\jaxb-core\4.0.4\jaxb-core-4.0.4.jar;C:\Users\andre\.m2\repository\org\eclipse\angus\angus-activation\2.0.1\angus-activation-2.0.1.jar;C:\Users\andre\.m2\repository\org\glassfish\jaxb\txw2\4.0.4\txw2-4.0.4.jar;C:\Users\andre\.m2\repository\com
Launcher Type: SUN_STANDARD

[Global flags]
     intx CICompilerCount                          = 3                                         {product} {ergonomic}
     uint ConcGCThreads                            = 1                                         {product} {ergonomic}
     uint G1ConcRefinementThreads                  = 4                                         {product} {ergonomic}
   size_t G1HeapRegionSize                         = 1048576                                   {product} {ergonomic}
    uintx GCDrainStackTargetSize                   = 64                                        {product} {ergonomic}
   size_t InitialHeapSize                          = 130023424                                 {product} {ergonomic}
     bool ManagementServer                         = true                                      {product} {command line}
   size_t MarkStackSize                            = 4194304                                   {product} {ergonomic}
   size_t MaxHeapSize                              = 2076180480                                {product} {ergonomic}
   size_t MaxNewSize                               = 1245708288                                {product} {ergonomic}
   size_t MinHeapDeltaBytes                        = 1048576                                   {product} {ergonomic}
   size_t MinHeapSize                              = 8388608                                   {product} {ergonomic}
    uintx NonNMethodCodeHeapSize                   = 5832780                                {pd product} {ergonomic}
    uintx NonProfiledCodeHeapSize                  = 122912730                              {pd product} {ergonomic}
    uintx ProfiledCodeHeapSize                     = 122912730                              {pd product} {ergonomic}
    uintx ReservedCodeCacheSize                    = 251658240                              {pd product} {ergonomic}
     bool SegmentedCodeCache                       = true                                      {product} {ergonomic}
     bool ShowCodeDetailsInExceptionMessages       = true                                   {manageable} {command line}
   size_t SoftMaxHeapSize                          = 2076180480                             {manageable} {ergonomic}
     bool UseCompressedClassPointers               = true                           {product lp64_product} {ergonomic}
     bool UseCompressedOops                        = true                           {product lp64_product} {ergonomic}
     bool UseG1GC                                  = true                                      {product} {ergonomic}
     bool UseLargePagesIndividualAllocation        = false                                  {pd product} {ergonomic}

Logging:
Log output configuration:
 #0: stdout all=warning uptime,level,tags
 #1: stderr all=off uptime,level,tags

Environment Variables:
JAVA_HOME=C:\Program Files\Java\jdk-17
PATH=C:\Program Files\WindowsApps\Microsoft.PowerShell_7.4.0.0_x64__8wekyb3d8bbwe;C:\Users\andre\AppData\Local\cloud-code\installer\google-cloud-sdk\bin;C:\Program Files\Eclipse Adoptium\jdk-17.0.8.101-hotspot\bin;C:\Program Files\Common Files\Oracle\Java\javapath;C:\WINDOWS\system32;C:\WINDOWS;C:\WINDOWS\System32\Wbem;C:\WINDOWS\System32\WindowsPowerShell\v1.0\;C:\WINDOWS\System32\OpenSSH\;C:\Program Files\Java\jdk-17\bin;C:\Program Files\nodejs\;C:\ProgramData\chocolatey\bin;C:\Program Files\dotnet\;C:\Program Files\Microsoft VS Code\bin;C:\Program Files\Git\cmd;C:\Program Files\Docker\Docker\resources\bin;C:\Windows\System32\Wbem;C:\Users\andre\AppData\Local\Programs\Python\Python312\Scripts\;C:\Users\andre\AppData\Local\Programs\Python\Python312\;C:\Program Files\MySQL\MySQL Shell 8.0\bin\;C:\Users\andre\AppData\Local\Microsoft\WindowsApps;C:\Users\andre\AppData\Roaming\npm;C:\Users\andre\AppData\Local\GitHubDesktop\bin
USERNAME=andre
LANG=pt_BR.UTF-8
OS=Windows_NT
PROCESSOR_IDENTIFIER=Intel64 Family 6 Model 140 Stepping 1, GenuineIntel



---------------  S Y S T E M  ---------------

OS:
 Windows 11 , 64 bit Build 22621 (10.0.22621.2841)
OS uptime: 0 days 0:13 hours
Hyper-V role detected

CPU: total 4 (initial active 4) (2 cores per cpu, 2 threads per core) family 6 model 140 stepping 1 microcode 0x8a, cx8, cmov, fxsr, ht, mmx, 3dnowpref, sse, sse2, sse3, ssse3, sse4.1, sse4.2, popcnt, lzcnt, tsc, tscinvbit, avx, avx2, aes, erms, clmul, bmi1, bmi2, adx, avx512f, avx512dq, avx512cd, avx512bw, avx512vl, sha, fma, vzeroupper, avx512_vpopcntdq, avx512_vpclmulqdq, avx512_vaes, avx512_vnni, clflush, clflushopt, clwb, avx512_vbmi2, avx512_vbmi, hv

Memory: 4k page, system-wide physical 7915M (206M free)
TotalPageFile size 32491M (AvailPageFile size 5M)
current process WorkingSet (physical memory assigned to process): 218M, peak: 219M
current process commit charge ("private bytes"): 248M, peak: 255M

vm_info: Java HotSpot(TM) 64-Bit Server VM (17.0.8+9-LTS-211) for windows-amd64 JRE (17.0.8+9-LTS-211), built on Jun 14 2023 10:34:31 by "mach5one" with MS VC++ 17.1 (VS2022)

END.
